<?xml version="1.0" encoding="UTF-8"?>
<!-- Generated by org.testng.reporters.JUnitReportReporter -->
<testsuite hostname="SasiPrakash" failures="0" tests="4" name="testscript.register.RegisterTestCase" time="26.100" errors="0" timestamp="2024-07-29T10:45:45 IST" skipped="0">
  <testcase classname="testscript.register.RegisterTestCase" name="verify_User_Is_Able_to_Register" time="7.301"/>
  <system-out>
    <![CDATA[Register Page displayed
verify_User_Is_Able_to_Register is pass]]>
  </system-out>
  <testcase classname="testscript.register.RegisterTestCase" name="verify_User_Is_Able_to_Register" time="6.442"/>
  <system-out>
    <![CDATA[Register Page displayed
verify_User_Is_Able_to_Register is pass]]>
  </system-out>
  <testcase classname="testscript.register.RegisterTestCase" name="verify_User_Is_Able_to_Register" time="6.424"/>
  <system-out>
    <![CDATA[Register Page displayed
verify_User_Is_Able_to_Register is pass]]>
  </system-out>
  <testcase classname="testscript.register.RegisterTestCase" name="verify_User_Is_Able_to_Register" time="5.933"/>
  <system-out>
    <![CDATA[Register Page displayed
verify_User_Is_Able_to_Register is pass]]>
  </system-out>
</testsuite> <!-- testscript.register.RegisterTestCase -->
