<?xml version="1.0" encoding="UTF-8"?>
<!-- Generated by org.testng.reporters.JUnitReportReporter -->
<testsuite hostname="SasiPrakash" failures="0" tests="1" name="testscript.digitaldownloads.AddtoCartTestCase" time="11.501" errors="0" timestamp="2024-07-29T10:45:45 IST" skipped="0">
  <testcase classname="testscript.digitaldownloads.AddtoCartTestCase" name="verify_User_Is_Able_To_Add_the_Products_to_the_cart" time="11.501"/>
  <system-out>
    <![CDATA[Digital downloads Page displayed
Shopping Cart Page displayed
verify_User_Is_Able_To_Add_the_Products_to_the_cart is pass]]>
  </system-out>
</testsuite> <!-- testscript.digitaldownloads.AddtoCartTestCase -->
