<?xml version="1.0" encoding="UTF-8"?>
<!-- Generated by org.testng.reporters.JUnitReportReporter -->
<testsuite hostname="SasiPrakash" failures="0" tests="1" name="testscript.books.WishlistTestCase" time="8.995" errors="0" timestamp="2024-07-29T10:45:45 IST" skipped="0">
  <testcase classname="testscript.books.WishlistTestCase" name="verify_User_Is_Able_To_Add_Product_To_Wishlist" time="8.995"/>
  <system-out>
    <![CDATA[books Page is displayed
fiction ex books Page displayed
wishlist Page displayed
verify_User_Is_Able_To_Add_Product_To_Wishlist is pass]]>
  </system-out>
</testsuite> <!-- testscript.books.WishlistTestCase -->
