<?xml version="1.0" encoding="UTF-8"?>
<!-- Generated by org.testng.reporters.JUnitReportReporter -->
<testsuite hostname="SasiPrakash" failures="0" tests="1" name="TestScripts.JewelryTestCase" time="12.426" errors="0" timestamp="2024-07-29T10:45:45 IST" skipped="0">
  <testcase classname="TestScripts.JewelryTestCase" name="verify_User_Is_Able_To_Add_Product_To_Wishlist_and_Cart" time="12.426"/>
  <system-out>
    <![CDATA[Jewelry Page displayed
Black & White Diamond Heart is Page displayed
wishlist Page displayed
Shopping Cart Page displayed]]>
  </system-out>
</testsuite> <!-- TestScripts.JewelryTestCase -->
