<?xml version="1.0" encoding="UTF-8"?>
<!-- Generated by org.testng.reporters.JUnitReportReporter -->
<testsuite hostname="SasiPrakash" failures="0" tests="1" name="testscript.search.BlueJeansTestCase" time="11.676" errors="0" timestamp="2024-07-29T10:45:45 IST" skipped="0">
  <testcase classname="testscript.search.BlueJeansTestCase" name="verify_user_Is_Able_to_Add_Jeans_to_the_cart" time="11.676"/>
  <system-out>
    <![CDATA[Searched Jeans Page is displayed
Blue Jeans Product is displayed
Shopping Cart Page displayed
Qty added
verify_user_Is_Able_to_Add_Jeans_to_the_cart() is pass]]>
  </system-out>
</testsuite> <!-- testscript.search.BlueJeansTestCase -->
